<?xml version="1.0" encoding="UTF-8"?>
<!-- Generated by org.testng.reporters.JUnitReportReporter -->
<testsuite hostname="Subhashs-Macbook-Air.local" failures="0" tests="4" name="pac1.TC_010_Groups" time="0.024" errors="0" timestamp="2025-08-26T15:43:29 IST" skipped="0">
  <testcase classname="pac1.TC_010_Groups" name="test4" time="0.019"/>
  <system-out/>
  <testcase classname="pac1.TC_010_Groups" name="test3" time="0.002"/>
  <system-out/>
  <testcase classname="pac1.TC_010_Groups" name="test2" time="0.001"/>
  <system-out/>
  <testcase classname="pac1.TC_010_Groups" name="test1" time="0.002"/>
  <system-out/>
</testsuite> <!-- pac1.TC_010_Groups -->
