<?xml version="1.0" encoding="UTF-8"?>
<!-- Generated by org.testng.reporters.JUnitReportReporter -->
<testsuite hostname="Subhashs-Macbook-Air.local" failures="0" tests="2" name="pac1.TC_009_TESTNG" time="11.179" errors="0" timestamp="2025-08-26T10:36:18 IST" skipped="0">
  <testcase classname="pac1.TC_009_TESTNG" name="f" time="6.312"/>
  <system-out/>
  <testcase classname="pac1.TC_009_TESTNG" name="f" time="4.867"/>
  <system-out/>
</testsuite> <!-- pac1.TC_009_TESTNG -->
