<?xml version="1.0" encoding="UTF-8"?>
<!-- Generated by org.testng.reporters.JUnitReportReporter -->
<testsuite hostname="Subhashs-Macbook-Air.local" failures="0" tests="1" name="pac1.TC_Screenshots" time="9.016" errors="0" timestamp="2025-08-29T11:31:47 IST" skipped="0">
  <testcase classname="pac1.TC_Screenshots" name="screenshottest" time="9.016"/>
</testsuite> <!-- pac1.TC_Screenshots -->
