<?xml version="1.0" encoding="UTF-8"?>
<!-- Generated by org.testng.reporters.JUnitReportReporter -->
<testsuite hostname="Subhashs-Macbook-Air.local" failures="0" tests="2" name="pac1.Lab_9" time="14.257" errors="0" timestamp="2025-08-26T15:55:57 IST" skipped="0">
  <testcase classname="pac1.Lab_9" name="productNavigationAndAddToCartTest" time="7.499"/>
  <system-out/>
  <testcase classname="pac1.Lab_9" name="productNavigationAndAddToCartTest" time="6.758"/>
  <system-out/>
</testsuite> <!-- pac1.Lab_9 -->
