<?xml version="1.0" encoding="UTF-8"?>
<!-- Generated by org.testng.reporters.JUnitReportReporter -->
<testsuite hostname="Subhashs-Macbook-Air.local" failures="0" tests="1" name="pac1.Lab_8" time="5.258" errors="0" timestamp="2025-08-26T12:11:38 IST" skipped="0">
  <testcase classname="pac1.Lab_8" name="productNavigationAndAddToCartTest" time="5.258"/>
  <system-out/>
</testsuite> <!-- pac1.Lab_8 -->
