<?xml version="1.0" encoding="UTF-8"?>
<!-- Generated by org.testng.reporters.JUnitReportReporter -->
<testsuite hostname="Subhashs-Macbook-Air.local" failures="0" tests="1" name="pac1.TC011_Elements" time="6.573" errors="0" timestamp="2025-08-28T10:50:19 IST" skipped="0">
  <testcase classname="pac1.TC011_Elements" name="f" time="6.573"/>
  <system-out/>
</testsuite> <!-- pac1.TC011_Elements -->
