<?xml version="1.0" encoding="UTF-8"?>
<!-- Generated by org.testng.reporters.JUnitReportReporter -->
<testsuite hostname="Subhashs-Macbook-Air.local" failures="0" tests="3" name="pac1.TC011_PageObjects" time="21.162" errors="0" timestamp="2025-08-28T14:22:23 IST" skipped="0">
  <testcase classname="pac1.TC011_PageObjects" name="f" time="6.204"/>
  <system-out/>
  <testcase classname="pac1.TC011_PageObjects" name="f" time="5.792"/>
  <system-out/>
  <testcase classname="pac1.TC011_PageObjects" name="f" time="9.166"/>
  <system-out/>
</testsuite> <!-- pac1.TC011_PageObjects -->
