<?xml version="1.0" encoding="UTF-8"?>
<!-- Generated by org.testng.reporters.JUnitReportReporter -->
<testsuite hostname="Subhashs-Macbook-Air.local" failures="0" tests="1" name="Functional_Automation.TC_ECOM_Login_008" time="13.288" errors="0" timestamp="2025-08-28T15:48:31 IST" skipped="0">
  <testcase classname="Functional_Automation.TC_ECOM_Login_008" name="f" time="13.288"/>
  <system-out/>
</testsuite> <!-- Functional_Automation.TC_ECOM_Login_008 -->
